<?xml version="1.0" encoding="UTF-8"?>
<!-- Generated by org.testng.reporters.JUnitReportReporter -->
<testsuite hostname="DESKTOP-OOA8I55" failures="0" tests="2" name="victoracademy.Mavenjava.AppiumTest" time="0.022" errors="0" timestamp="2020-09-12T21:21:31 BST" skipped="0">
  <testcase classname="victoracademy.Mavenjava.AppiumTest" name="IOSApp" time="0.020"/>
  <system-out/>
  <testcase classname="victoracademy.Mavenjava.AppiumTest" name="NativeAppAndroid" time="0.002"/>
  <system-out/>
</testsuite> <!-- victoracademy.Mavenjava.AppiumTest -->
