<?xml version="1.0" encoding="UTF-8"?>
<!-- Generated by org.testng.reporters.JUnitReportReporter -->
<testsuite hostname="DESKTOP-OOA8I55" failures="0" tests="2" name="victoracademy.Mavenjava.RestAPITest" time="0.006" errors="0" timestamp="2020-09-08T20:13:06 BST" skipped="0">
  <testcase classname="victoracademy.Mavenjava.RestAPITest" name="postJira" time="0.003"/>
  <system-out/>
  <testcase classname="victoracademy.Mavenjava.RestAPITest" name="deleteTwitter" time="0.003"/>
  <system-out/>
</testsuite> <!-- victoracademy.Mavenjava.RestAPITest -->
