<?xml version="1.0" encoding="UTF-8"?>
<!-- Generated by org.testng.reporters.JUnitReportReporter -->
<testsuite hostname="DESKTOP-OOA8I55" failures="0" tests="2" name="victoracademy.Mavenjava.SeleniumTest" time="0.002" errors="0" timestamp="2020-09-08T20:33:56 BST" skipped="0">
  <testcase classname="victoracademy.Mavenjava.SeleniumTest" name="BrowserAutomation" time="0.001"/>
  <system-out/>
  <testcase classname="victoracademy.Mavenjava.SeleniumTest" name="elementUI" time="0.001"/>
  <system-out/>
</testsuite> <!-- victoracademy.Mavenjava.SeleniumTest -->
