<?xml version="1.0" encoding="UTF-8"?>
<!-- Generated by org.testng.reporters.JUnitReportReporter -->
<testsuite hostname="DESKTOP-OOA8I55" failures="0" tests="2" name="victoracademy.Mavenjava.AppiumTest" time="0.005" errors="0" timestamp="2020-09-08T20:33:56 BST" skipped="0">
  <testcase classname="victoracademy.Mavenjava.AppiumTest" name="IOSApp" time="0.004"/>
  <system-out/>
  <testcase classname="victoracademy.Mavenjava.AppiumTest" name="NativeAppAndroid" time="0.001"/>
  <system-out/>
</testsuite> <!-- victoracademy.Mavenjava.AppiumTest -->
